<?xml version="1.0" encoding="UTF-8"?>
<testsuite xmlns:xsi="http://www.w3.org/2001/XMLSchema-instance" xsi:noNamespaceSchemaLocation="https://maven.apache.org/surefire/maven-surefire-plugin/xsd/surefire-test-report-3.0.xsd" version="3.0" name="TestSuite" time="93.702" tests="1" errors="0" skipped="0" failures="1">
  <properties>
[...]
</properties>
  <testcase name="searchButton" classname="test.NaviTest" time="90.858">
    <failure message="no such element: Unable to locate element: {&quot;method&quot;:&quot;xpath&quot;,&quot;selector&quot;:&quot;//body/ul[1]/li[4]/span[1]&quot;}&#10;  (Session info: chrome=86.0.4240.111)&#10;For documentation on this error, please visit: https://www.seleniumhq.org/exceptions/no_such_element.html&#10;Build info: version: &apos;3.141.59&apos;, revision: &apos;e82be7d358&apos;, time: &apos;2018-11-14T08:17:03&apos;&#10;System info: host: &apos;Manjunaths-MacBook-Pro.local&apos;, ip: &apos;2405:204:54a6:1dfe:1d44:6c3b:c647:90a5%en0&apos;, os.name: &apos;Mac OS X&apos;, os.arch: &apos;x86_64&apos;, os.version: &apos;10.15.6&apos;, java.version: &apos;1.8.0_231&apos;&#10;Driver info: org.openqa.selenium.chrome.ChromeDriver&#10;Capabilities {acceptInsecureCerts: false, browserName: chrome, browserVersion: 86.0.4240.111, chrome: {chromedriverVersion: 86.0.4240.22 (398b0743353ff..., userDataDir: /var/folders/p6/cbrrv70s47j...}, goog:chromeOptions: {debuggerAddress: localhost:64148}, javascriptEnabled: true, networkConnectionEnabled: false, pageLoadStrategy: normal, platform: MAC, platformName: MAC, proxy: Proxy(), setWindowRect: true, strictFileInteractability: false, timeouts: {implicit: 0, pageLoad: 300000, script: 30000}, unhandledPromptBehavior: dismiss and notify, webauthn:virtualAuthenticators: true}&#10;Session ID: 677da06f28e375097517befc400d66d6&#10;*** Element info: {Using=xpath, value=//body/ul[1]/li[4]/span[1]}" type="org.openqa.selenium.NoSuchElementException">org.openqa.selenium.NoSuchElementException: 
no such element: Unable to locate element: {"method":"xpath","selector":"//body/ul[1]/li[4]/span[1]"}
  (Session info: chrome=86.0.4240.111)
For documentation on this error, please visit: https://www.seleniumhq.org/exceptions/no_such_element.html
Build info: version: '3.141.59', revision: 'e82be7d358', time: '2018-11-14T08:17:03'
System info: host: 'Manjunaths-MacBook-Pro.local', ip: '2405:204:54a6:1dfe:1d44:6c3b:c647:90a5%en0', os.name: 'Mac OS X', os.arch: 'x86_64', os.version: '10.15.6', java.version: '1.8.0_231'
Driver info: org.openqa.selenium.chrome.ChromeDriver
Capabilities {acceptInsecureCerts: false, browserName: chrome, browserVersion: 86.0.4240.111, chrome: {chromedriverVersion: 86.0.4240.22 (398b0743353ff..., userDataDir: /var/folders/p6/cbrrv70s47j...}, goog:chromeOptions: {debuggerAddress: localhost:64148}, javascriptEnabled: true, networkConnectionEnabled: false, pageLoadStrategy: normal, platform: MAC, platformName: MAC, proxy: Proxy(), setWindowRect: true, strictFileInteractability: false, timeouts: {implicit: 0, pageLoad: 300000, script: 30000}, unhandledPromptBehavior: dismiss and notify, webauthn:virtualAuthenticators: true}
Session ID: 677da06f28e375097517befc400d66d6
*** Element info: {Using=xpath, value=//body/ul[1]/li[4]/span[1]}
	at test.NaviTest.searchButton(NaviTest.java:43)
</failure>
    <system-out><![CDATA[  The Kidnapping of Edgardo Mortara (pre-production)
 2021
West Side Story (post-production)
 2018
Ready Player One (directed by)
 2017
The Post (directed by)
 2016
The BFG (directed by)
 2015
Bridge of Spies
 2012
Lincoln
 2011
War Horse (directed by)
 2011
The Adventures of Tintin: The Secret of the Unicorn
 2008
A Timeless Call (Documentary short)
 2008
Indiana Jones and the Kingdom of the Crystal Skull
 2005
Munich
 2005
War of the Worlds
 2004
The Terminal
 2002
Catch Me If You Can
 2002
Minority Report
 2001
A.I. Artificial Intelligence
 2000
Jaws: Deleted Scenes (Video short)
 1999
The Unfinished Journey (Documentary short)
 1998
Saving Private Ryan
 1997
Amistad
 1997
The Lost World: Jurassic Park (directed by)
 1996
Steven Spielberg's Director's Chair (Video Game)
 1993
Schindler's List (directed by)
 1993
Jurassic Park (directed by)
 1991
Hook
 1990
The Visionary (Video) (segment "Par for the Course")
 1989
Always
 1989
Indiana Jones and the Last Crusade
 1987
Empire of the Sun
 1986
Amazing Stories
 1985
The Color Purple
 1985
Amazing Stories (TV Series) (2 episodes)
- The Mission (1985)
- Ghost Train (1985)
 1984
Strokes of Genius (TV Mini-Series documentary) (introductory segments, uncredited)
 1984
Indiana Jones and the Temple of Doom (directed by)
 1983
Twilight Zone: The Movie (segment "Kick the Can")
 1982
E.T. the Extra-Terrestrial (directed by)
 1981
Raiders of the Lost Ark (directed by)
 1979
1941
 1977
Close Encounters of the Third Kind
 1975
Jaws
 1974
The Sugarland Express
 1973
Savage (TV Movie)
 1972
Something Evil (TV Movie) (directed by)
 1971
Duel (TV Movie)
 1971
Owen Marshall, Counselor at Law (TV Series) (1 episode)
- Eulogy for a Wide Receiver (1971)
 1971
Columbo (TV Series) (1 episode)
- Murder by the Book (1971)
 1971
The Psychiatrist (TV Series) (2 episodes)
- Par for the Course (1971)
- The Private World of Martin Dalton (1971)
 1971
The Name of the Game (TV Series) (1 episode)
- LA 2017 (1971)
 1969-1971
Night Gallery (TV Series) (2 episodes)
- Make Me Laugh/Clean Kills and Other Trophies (1971) ... (segment "Make Me Laugh")
- Pilot (1969) ... (segment "Eyes")
 1970
Marcus Welby, M.D. (TV Series) (1 episode)
- The Daredevil Gesture (1970)
 1968
Amblin' (Short)
 1967
Slipstream (Short) (unfinished)
 1964
Firelight
 1961
Escape to Nowhere (Short) (as Steve Spielberg)
 1961
Fighter Squad (Short)
 1959
The Last Gun (Short)
]]></system-out>
    <system-err><![CDATA[log4j:WARN No appenders could be found for logger (io.github.bonigarcia.wdm.WebDriverManager).
log4j:WARN Please initialize the log4j system properly.
log4j:WARN See http://logging.apache.org/log4j/1.2/faq.html#noconfig for more info.
Starting ChromeDriver 86.0.4240.22 (398b0743353ff36fb1b82468f63a3a93b4e2e89e-refs/branch-heads/4240@{#378}) on port 18746
Only local connections are allowed.
Please see https://chromedriver.chromium.org/security-considerations for suggestions on keeping ChromeDriver safe.
ChromeDriver was started successfully.
Oct 26, 2020 9:52:51 PM org.openqa.selenium.remote.ProtocolHandshake createSession
INFO: Detected dialect: W3C
]]></system-err>
  </testcase>
</testsuite>